<?xml version="1.0" encoding="UTF-8"?>
<!-- Generated by org.testng.reporters.JUnitReportReporter -->
<testsuite hostname="LAPTOP-P45OG49M" failures="0" tests="4" name="com.FitPeo.TestClasses.LoginTest" time="19.115" errors="0" timestamp="2024-11-25T12:49:10 IST" skipped="0">
  <testcase classname="com.FitPeo.TestClasses.LoginTest" name="TestHomePage" time="2.611"/>
  <testcase classname="com.FitPeo.TestClasses.LoginTest" name="TestSlider" time="5.956"/>
  <testcase classname="com.FitPeo.TestClasses.LoginTest" name="TestCheckBoxes" time="7.540"/>
  <testcase classname="com.FitPeo.TestClasses.LoginTest" name="TestAdjustSliderAgain" time="3.008"/>
</testsuite> <!-- com.FitPeo.TestClasses.LoginTest -->
